Using pre-set license
Built from '2021.3/staging' branch; Version is '2021.3.22f1 (b6c551784ba3) revision 11978065'; Using compiler version '192829333'; Build Type 'Release'
OS: 'Windows 10  (10.0.19045) 64bit Core' Language: 'en' Physical Memory: 24501 MB
BatchMode: 1, IsHumanControllingUs: 0, StartBugReporterOnCrash: 0, Is64bit: 1, IsPro: 1

COMMAND LINE ARGUMENTS:
C:\Program Files\Unity\Hub\Editor\2021.3.22f1\Editor\Unity.exe
-adb2
-batchMode
-noUpm
-name
AssetImportWorker7
-projectPath
C:/Users/Blank/ShooterProject/Shooter
-logFile
Logs/AssetImportWorker7.log
-srvPort
53483
Successfully changed project path to: C:/Users/Blank/ShooterProject/Shooter
C:/Users/Blank/ShooterProject/Shooter
[UnityMemory] Configuration Parameters - Can be set up in boot.config
    "memorysetup-bucket-allocator-granularity=16"
    "memorysetup-bucket-allocator-bucket-count=8"
    "memorysetup-bucket-allocator-block-size=33554432"
    "memorysetup-bucket-allocator-block-count=8"
    "memorysetup-main-allocator-block-size=16777216"
    "memorysetup-thread-allocator-block-size=16777216"
    "memorysetup-gfx-main-allocator-block-size=16777216"
    "memorysetup-gfx-thread-allocator-block-size=16777216"
    "memorysetup-cache-allocator-block-size=4194304"
    "memorysetup-typetree-allocator-block-size=2097152"
    "memorysetup-profiler-bucket-allocator-granularity=16"
    "memorysetup-profiler-bucket-allocator-bucket-count=8"
    "memorysetup-profiler-bucket-allocator-block-size=33554432"
    "memorysetup-profiler-bucket-allocator-block-count=8"
    "memorysetup-profiler-allocator-block-size=16777216"
    "memorysetup-profiler-editor-allocator-block-size=1048576"
    "memorysetup-temp-allocator-size-main=16777216"
    "memorysetup-job-temp-allocator-block-size=2097152"
    "memorysetup-job-temp-allocator-block-size-background=1048576"
    "memorysetup-job-temp-allocator-reduction-small-platforms=262144"
    "memorysetup-temp-allocator-size-background-worker=32768"
    "memorysetup-temp-allocator-size-job-worker=262144"
    "memorysetup-temp-allocator-size-preload-manager=33554432"
    "memorysetup-temp-allocator-size-nav-mesh-worker=65536"
    "memorysetup-temp-allocator-size-audio-worker=65536"
    "memorysetup-temp-allocator-size-cloud-worker=32768"
    "memorysetup-temp-allocator-size-gi-baking-worker=262144"
    "memorysetup-temp-allocator-size-gfx=262144"
Player connection [13928] Host "[IP] 192.168.12.247 [Port] 0 [Flags] 2 [Guid] 127494545 [EditorId] 127494545 [Version] 1048832 [Id] WindowsEditor(7,DESKTOP-ICDMAL3) [Debug] 1 [PackageName] WindowsEditor [ProjectName] Editor" joined multi-casting on [225.0.0.222:54997]...

Player connection [13928] Host "[IP] 192.168.12.247 [Port] 0 [Flags] 2 [Guid] 127494545 [EditorId] 127494545 [Version] 1048832 [Id] WindowsEditor(7,DESKTOP-ICDMAL3) [Debug] 1 [PackageName] WindowsEditor [ProjectName] Editor" joined alternative multi-casting on [225.0.0.222:34997]...

Refreshing native plugins compatible for Editor in 74.44 ms, found 3 plugins.
Preloading 0 native plugins for Editor in 0.00 ms.
Initialize engine version: 2021.3.22f1 (b6c551784ba3)
[Subsystems] Discovering subsystems at path C:/Program Files/Unity/Hub/Editor/2021.3.22f1/Editor/Data/Resources/UnitySubsystems
[Subsystems] Discovering subsystems at path C:/Users/Blank/ShooterProject/Shooter/Assets
GfxDevice: creating device client; threaded=0; jobified=0
Direct3D:
    Version:  Direct3D 11.0 [level 11.1]
    Renderer: AMD Radeon RX 6700 XT (ID=0x73df)
    Vendor:   ATI
    VRAM:     12243 MB
    Driver:   31.0.21018.6011
Initialize mono
Mono path[0] = 'C:/Program Files/Unity/Hub/Editor/2021.3.22f1/Editor/Data/Managed'
Mono path[1] = 'C:/Program Files/Unity/Hub/Editor/2021.3.22f1/Editor/Data/MonoBleedingEdge/lib/mono/unityjit-win32'
Mono config path = 'C:/Program Files/Unity/Hub/Editor/2021.3.22f1/Editor/Data/MonoBleedingEdge/etc'
Using monoOptions --debugger-agent=transport=dt_socket,embedding=1,server=y,suspend=n,address=127.0.0.1:56672
Begin MonoManager ReloadAssembly
Registering precompiled unity dll's ...
Register platform support module: C:/Program Files/Unity/Hub/Editor/2021.3.22f1/Editor/Data/PlaybackEngines/WebGLSupport/UnityEditor.WebGL.Extensions.dll
Register platform support module: C:/Program Files/Unity/Hub/Editor/2021.3.22f1/Editor/Data/PlaybackEngines/WindowsStandaloneSupport/UnityEditor.WindowsStandalone.Extensions.dll
Registered in 0.008969 seconds.
Native extension for WindowsStandalone target not found
Native extension for WebGL target not found
Refreshing native plugins compatible for Editor in 74.75 ms, found 3 plugins.
Preloading 0 native plugins for Editor in 0.00 ms.
Mono: successfully reloaded assembly
- Completed reload, in  0.566 seconds
Domain Reload Profiling:
	ReloadAssembly (566ms)
		BeginReloadAssembly (77ms)
			ExecutionOrderSort (0ms)
			DisableScriptedObjects (0ms)
			BackupInstance (0ms)
			ReleaseScriptingObjects (0ms)
			CreateAndSetChildDomain (1ms)
		EndReloadAssembly (398ms)
			LoadAssemblies (75ms)
			RebuildTransferFunctionScriptingTraits (0ms)
			SetupTypeCache (90ms)
			ReleaseScriptCaches (0ms)
			RebuildScriptCaches (23ms)
			SetupLoadedEditorAssemblies (240ms)
				LogAssemblyErrors (0ms)
				InitializePlatformSupportModulesInManaged (8ms)
				SetLoadedEditorAssemblies (0ms)
				RefreshPlugins (75ms)
				BeforeProcessingInitializeOnLoad (1ms)
				ProcessInitializeOnLoadAttributes (117ms)
				ProcessInitializeOnLoadMethodAttributes (38ms)
				AfterProcessingInitializeOnLoad (0ms)
				EditorAssembliesLoaded (0ms)
			ExecutionOrderSort2 (0ms)
			AwakeInstancesAfterBackupRestoration (0ms)
Platform modules already initialized, skipping
Registering precompiled user dll's ...
Registered in 0.005561 seconds.
Begin MonoManager ReloadAssembly
Native extension for WindowsStandalone target not found
Native extension for WebGL target not found
Refreshing native plugins compatible for Editor in 0.47 ms, found 3 plugins.
Preloading 0 native plugins for Editor in 0.00 ms.
Mono: successfully reloaded assembly
- Completed reload, in  0.856 seconds
Domain Reload Profiling:
	ReloadAssembly (857ms)
		BeginReloadAssembly (105ms)
			ExecutionOrderSort (0ms)
			DisableScriptedObjects (5ms)
			BackupInstance (0ms)
			ReleaseScriptingObjects (0ms)
			CreateAndSetChildDomain (16ms)
		EndReloadAssembly (657ms)
			LoadAssemblies (79ms)
			RebuildTransferFunctionScriptingTraits (0ms)
			SetupTypeCache (220ms)
			ReleaseScriptCaches (0ms)
			RebuildScriptCaches (46ms)
			SetupLoadedEditorAssemblies (292ms)
				LogAssemblyErrors (0ms)
				InitializePlatformSupportModulesInManaged (7ms)
				SetLoadedEditorAssemblies (0ms)
				RefreshPlugins (1ms)
				BeforeProcessingInitializeOnLoad (77ms)
				ProcessInitializeOnLoadAttributes (184ms)
				ProcessInitializeOnLoadMethodAttributes (16ms)
				AfterProcessingInitializeOnLoad (9ms)
				EditorAssembliesLoaded (0ms)
			ExecutionOrderSort2 (0ms)
			AwakeInstancesAfterBackupRestoration (5ms)
Platform modules already initialized, skipping
========================================================================
Worker process is ready to serve import requests
Launched and connected shader compiler UnityShaderCompiler.exe after 0.04 seconds
Refreshing native plugins compatible for Editor in 0.42 ms, found 3 plugins.
Preloading 0 native plugins for Editor in 0.00 ms.
Unloading 3053 Unused Serialized files (Serialized files now loaded: 0)
Unloading 24 unused Assets / (113.9 KB). Loaded Objects now: 3513.
Memory consumption went from 107.7 MB to 107.6 MB.
Total: 2.449100 ms (FindLiveObjects: 0.243000 ms CreateObjectMapping: 0.192700 ms MarkObjects: 1.937700 ms  DeleteObjects: 0.075100 ms)

AssetImportParameters requested are different than current active one (requested -> active):
  custom:video-decoder-ogg-theora: a1e56fd34408186e4bbccfd4996cb3dc -> 
  custom:container-muxer-webm: aa71ff27fc2769a1b78a27578f13a17b -> 
  custom:container-demuxer-webm: 4f35f7cbe854078d1ac9338744f61a02 -> 
  custom:video-encoder-webm-vp8: eb34c28f22e8b96e1ab97ce403110664 -> 
  custom:audio-encoder-webm-vorbis: bf7c407c2cedff20999df2af8eb42d56 -> 
  custom:framework-win-MediaFoundation: 216162199b28c13a410421893ffa2e32 -> 
  custom:container-demuxer-ogg: 62fdf1f143b41e24485cea50d1cbac27 -> 
  custom:video-decoder-webm-vp8: 9c59270c3fd7afecdb556c50c9e8de78 -> 
  custom:audio-decoder-ogg-vorbis: bf7c407c2cedff20999df2af8eb42d56 -> 
========================================================================
Received Import Request.
  Time since last request: 110119.484828 seconds.
  path: Assets/Sprites/Explosion/Explosion_00145.png
  artifactKey: Guid(d6112174d438668438f7eb0c21a64787) Importer(815301076,1909f56bfc062723c751e8b465ee728b)
Start importing Assets/Sprites/Explosion/Explosion_00145.png using Guid(d6112174d438668438f7eb0c21a64787) Importer(815301076,1909f56bfc062723c751e8b465ee728b)  -> (artifact id: '9963aae8f80f3d0fa79f3a0354cc64e3') in 0.103773 seconds 
========================================================================
Received Import Request.
  Time since last request: 0.000019 seconds.
  path: Assets/Sprites/Explosion/Explosion_00148.png
  artifactKey: Guid(8bedadfd28e186d4ca31d9060dba2246) Importer(815301076,1909f56bfc062723c751e8b465ee728b)
Start importing Assets/Sprites/Explosion/Explosion_00148.png using Guid(8bedadfd28e186d4ca31d9060dba2246) Importer(815301076,1909f56bfc062723c751e8b465ee728b)  -> (artifact id: 'aaffdb9b410a08dfd7ed0d1bad336bf2') in 0.018712 seconds 
========================================================================
Received Import Request.
  Time since last request: 0.000015 seconds.
  path: Assets/Sprites/Explosion/Explosion_00147.png
  artifactKey: Guid(772e8fd7483ebd5489aa46f10c2104a9) Importer(815301076,1909f56bfc062723c751e8b465ee728b)
Start importing Assets/Sprites/Explosion/Explosion_00147.png using Guid(772e8fd7483ebd5489aa46f10c2104a9) Importer(815301076,1909f56bfc062723c751e8b465ee728b)  -> (artifact id: '5b082ef838abe294affd3552b301f9d0') in 0.018720 seconds 
========================================================================
Received Import Request.
  Time since last request: 0.107128 seconds.
  path: Assets/Sprites/Explosion/Explosion_00139.png
  artifactKey: Guid(defe08aaf3e894b4c93980890fac32bd) Importer(815301076,1909f56bfc062723c751e8b465ee728b)
Start importing Assets/Sprites/Explosion/Explosion_00139.png using Guid(defe08aaf3e894b4c93980890fac32bd) Importer(815301076,1909f56bfc062723c751e8b465ee728b)  -> (artifact id: 'ed6fa18c9a8dbf764ab89110e80ef727') in 0.019615 seconds 
========================================================================
Received Import Request.
  Time since last request: 0.000015 seconds.
  path: Assets/Sprites/Explosion/Explosion_00141.png
  artifactKey: Guid(62c10564edb0c074eaea59e4901ade7f) Importer(815301076,1909f56bfc062723c751e8b465ee728b)
Start importing Assets/Sprites/Explosion/Explosion_00141.png using Guid(62c10564edb0c074eaea59e4901ade7f) Importer(815301076,1909f56bfc062723c751e8b465ee728b)  -> (artifact id: 'c162e314db8048cdeae2b908d73b0126') in 0.018864 seconds 
========================================================================
Received Import Request.
  Time since last request: 0.000013 seconds.
  path: Assets/Sprites/Explosion/Explosion_00143.png
  artifactKey: Guid(9da6962a82ec7ec4ebdb2a70a89af1bf) Importer(815301076,1909f56bfc062723c751e8b465ee728b)
Start importing Assets/Sprites/Explosion/Explosion_00143.png using Guid(9da6962a82ec7ec4ebdb2a70a89af1bf) Importer(815301076,1909f56bfc062723c751e8b465ee728b)  -> (artifact id: '3682e00fda7f841153cc7e16ec0d7a91') in 0.019261 seconds 
========================================================================
Received Import Request.
  Time since last request: 0.047415 seconds.
  path: Assets/Sprites/Explosion/Explosion_00133.png
  artifactKey: Guid(ae6cda7fe5218ba488d1fe83868ceb38) Importer(815301076,1909f56bfc062723c751e8b465ee728b)
Start importing Assets/Sprites/Explosion/Explosion_00133.png using Guid(ae6cda7fe5218ba488d1fe83868ceb38) Importer(815301076,1909f56bfc062723c751e8b465ee728b)  -> (artifact id: '702a4e17386acde2c465f50c327c27ae') in 0.020072 seconds 
========================================================================
Received Import Request.
  Time since last request: 0.000016 seconds.
  path: Assets/Sprites/Explosion/Explosion_00135.png
  artifactKey: Guid(cc30aaf198815ff41bbf7275f9451dd8) Importer(815301076,1909f56bfc062723c751e8b465ee728b)
Start importing Assets/Sprites/Explosion/Explosion_00135.png using Guid(cc30aaf198815ff41bbf7275f9451dd8) Importer(815301076,1909f56bfc062723c751e8b465ee728b)  -> (artifact id: 'e2748c4956ee8bc7b88fa9be074ed63f') in 0.019275 seconds 
========================================================================
Received Import Request.
  Time since last request: 0.000019 seconds.
  path: Assets/Sprites/Explosion/Explosion_00137.png
  artifactKey: Guid(f00e8a711177b4841beabc7082b17cfb) Importer(815301076,1909f56bfc062723c751e8b465ee728b)
Start importing Assets/Sprites/Explosion/Explosion_00137.png using Guid(f00e8a711177b4841beabc7082b17cfb) Importer(815301076,1909f56bfc062723c751e8b465ee728b)  -> (artifact id: '2a8684646dcc42ac5c5798631d985414') in 0.019918 seconds 
========================================================================
Received Import Request.
  Time since last request: 0.225209 seconds.
  path: Assets/Sprites/Explosion/Explosion_00127.png
  artifactKey: Guid(0c458127defce954690228da78ad0b4c) Importer(815301076,1909f56bfc062723c751e8b465ee728b)
Start importing Assets/Sprites/Explosion/Explosion_00127.png using Guid(0c458127defce954690228da78ad0b4c) Importer(815301076,1909f56bfc062723c751e8b465ee728b)  -> (artifact id: '3d1fa2296558561c21f07afd7cdcfcad') in 0.020997 seconds 
========================================================================
Received Import Request.
  Time since last request: 0.000013 seconds.
  path: Assets/Sprites/Explosion/Explosion_00131.png
  artifactKey: Guid(7b55f259901cb674dbd53963771fc4f3) Importer(815301076,1909f56bfc062723c751e8b465ee728b)
Start importing Assets/Sprites/Explosion/Explosion_00131.png using Guid(7b55f259901cb674dbd53963771fc4f3) Importer(815301076,1909f56bfc062723c751e8b465ee728b)  -> (artifact id: '020f8fb95c0b16165b1f7a830a7a4139') in 0.019194 seconds 
========================================================================
Received Import Request.
  Time since last request: 0.000017 seconds.
  path: Assets/Sprites/Explosion/Explosion_00128.png
  artifactKey: Guid(68cf2d1b2c76f1f45b8d82c9d3b78668) Importer(815301076,1909f56bfc062723c751e8b465ee728b)
Start importing Assets/Sprites/Explosion/Explosion_00128.png using Guid(68cf2d1b2c76f1f45b8d82c9d3b78668) Importer(815301076,1909f56bfc062723c751e8b465ee728b)  -> (artifact id: '0bf306b13edb006356a35a286dc3a284') in 0.020303 seconds 
========================================================================
Received Import Request.
  Time since last request: 0.043149 seconds.
  path: Assets/Sprites/Explosion/Explosion_00121.png
  artifactKey: Guid(2d02cb1919dfe2e45ab969b6181ea81e) Importer(815301076,1909f56bfc062723c751e8b465ee728b)
Start importing Assets/Sprites/Explosion/Explosion_00121.png using Guid(2d02cb1919dfe2e45ab969b6181ea81e) Importer(815301076,1909f56bfc062723c751e8b465ee728b)  -> (artifact id: '241c088c9cb734d2abec5061c5f3933d') in 0.022454 seconds 
========================================================================
Received Import Request.
  Time since last request: 0.000013 seconds.
  path: Assets/Sprites/Explosion/Explosion_00115.png
  artifactKey: Guid(b1ded5d3883da234bb784e2a655fcd9c) Importer(815301076,1909f56bfc062723c751e8b465ee728b)
Start importing Assets/Sprites/Explosion/Explosion_00115.png using Guid(b1ded5d3883da234bb784e2a655fcd9c) Importer(815301076,1909f56bfc062723c751e8b465ee728b)  -> (artifact id: '804748b7d0a1194b58c4a6e1c73bd81e') in 0.022280 seconds 
========================================================================
Received Import Request.
  Time since last request: 0.000015 seconds.
  path: Assets/Sprites/Explosion/Explosion_00114.png
  artifactKey: Guid(3dde81014ec2c5547bec589217b43633) Importer(815301076,1909f56bfc062723c751e8b465ee728b)
Start importing Assets/Sprites/Explosion/Explosion_00114.png using Guid(3dde81014ec2c5547bec589217b43633) Importer(815301076,1909f56bfc062723c751e8b465ee728b)  -> (artifact id: 'f38563e6e0eb9c45375b2b2041c8cef6') in 0.021273 seconds 
========================================================================
Received Import Request.
  Time since last request: 0.000018 seconds.
  path: Assets/Sprites/Explosion/Explosion_00122.png
  artifactKey: Guid(666be313a5dc40b4fa60ac4eea4c3044) Importer(815301076,1909f56bfc062723c751e8b465ee728b)
Start importing Assets/Sprites/Explosion/Explosion_00122.png using Guid(666be313a5dc40b4fa60ac4eea4c3044) Importer(815301076,1909f56bfc062723c751e8b465ee728b)  -> (artifact id: 'db3f39ae22b00a78a44318c0ddbc2112') in 0.023071 seconds 
========================================================================
Received Import Request.
  Time since last request: 0.000020 seconds.
  path: Assets/Sprites/Explosion/Explosion_00125.png
  artifactKey: Guid(6c1090e2c01c3354caf420b5a06e8a39) Importer(815301076,1909f56bfc062723c751e8b465ee728b)
Start importing Assets/Sprites/Explosion/Explosion_00125.png using Guid(6c1090e2c01c3354caf420b5a06e8a39) Importer(815301076,1909f56bfc062723c751e8b465ee728b)  -> (artifact id: 'c0aac98cefb1b59e07fd241607b9c0aa') in 0.021014 seconds 
========================================================================
Received Import Request.
  Time since last request: 0.000014 seconds.
  path: Assets/Sprites/Explosion/Explosion_00116.png
  artifactKey: Guid(9c4895871ee8de6489adda2e4c6d9b18) Importer(815301076,1909f56bfc062723c751e8b465ee728b)
Start importing Assets/Sprites/Explosion/Explosion_00116.png using Guid(9c4895871ee8de6489adda2e4c6d9b18) Importer(815301076,1909f56bfc062723c751e8b465ee728b)  -> (artifact id: '1744c17c544d58f8c34b493bfe9b157b') in 0.020702 seconds 
========================================================================
Received Import Request.
  Time since last request: 0.107155 seconds.
  path: Assets/Sprites/Explosion/Explosion_00109.png
  artifactKey: Guid(6d7a1717094e7804994b6c3720ba7c81) Importer(815301076,1909f56bfc062723c751e8b465ee728b)
Start importing Assets/Sprites/Explosion/Explosion_00109.png using Guid(6d7a1717094e7804994b6c3720ba7c81) Importer(815301076,1909f56bfc062723c751e8b465ee728b)  -> (artifact id: 'adade313c7edb300f7ff3605a20cdb0f') in 0.022827 seconds 
========================================================================
Received Import Request.
  Time since last request: 0.000018 seconds.
  path: Assets/Sprites/Explosion/Explosion_00111.png
  artifactKey: Guid(6d57e6b4c1773d0469409989cbc48e2e) Importer(815301076,1909f56bfc062723c751e8b465ee728b)
Start importing Assets/Sprites/Explosion/Explosion_00111.png using Guid(6d57e6b4c1773d0469409989cbc48e2e) Importer(815301076,1909f56bfc062723c751e8b465ee728b)  -> (artifact id: '8bb08411a9c8fee8df90c095c4b77620') in 0.024774 seconds 
========================================================================
Received Import Request.
  Time since last request: 0.000014 seconds.
  path: Assets/Sprites/Explosion/Explosion_00110.png
  artifactKey: Guid(6b8afd8794fc54d43a27bdaee5cf1b84) Importer(815301076,1909f56bfc062723c751e8b465ee728b)
Start importing Assets/Sprites/Explosion/Explosion_00110.png using Guid(6b8afd8794fc54d43a27bdaee5cf1b84) Importer(815301076,1909f56bfc062723c751e8b465ee728b)  -> (artifact id: '4a0a9d8189cf603fc39a093d70adeeee') in 0.023548 seconds 
========================================================================
Received Import Request.
  Time since last request: 0.032695 seconds.
  path: Assets/Sprites/Explosion/Explosion_00103.png
  artifactKey: Guid(55fb9c74d9dd7b1468cda0e3935753b6) Importer(815301076,1909f56bfc062723c751e8b465ee728b)
Start importing Assets/Sprites/Explosion/Explosion_00103.png using Guid(55fb9c74d9dd7b1468cda0e3935753b6) Importer(815301076,1909f56bfc062723c751e8b465ee728b)  -> (artifact id: 'cef16fe11621c0d016f19585c6749181') in 0.022836 seconds 
========================================================================
Received Import Request.
  Time since last request: 0.000026 seconds.
  path: Assets/Sprites/Explosion/Explosion_00104.png
  artifactKey: Guid(94efd21d78ad9cd418100062bc47d7b6) Importer(815301076,1909f56bfc062723c751e8b465ee728b)
Start importing Assets/Sprites/Explosion/Explosion_00104.png using Guid(94efd21d78ad9cd418100062bc47d7b6) Importer(815301076,1909f56bfc062723c751e8b465ee728b)  -> (artifact id: '7f5d6fabf86959a6564ab436b9e131d2') in 0.023181 seconds 
========================================================================
Received Import Request.
  Time since last request: 0.000015 seconds.
  path: Assets/Sprites/Explosion/Explosion_00107.png
  artifactKey: Guid(f21d49fef90e8c143b4ab2f0c0857b2e) Importer(815301076,1909f56bfc062723c751e8b465ee728b)
Start importing Assets/Sprites/Explosion/Explosion_00107.png using Guid(f21d49fef90e8c143b4ab2f0c0857b2e) Importer(815301076,1909f56bfc062723c751e8b465ee728b)  -> (artifact id: '021053ae0a7e7031c4fdd01a508d0a20') in 0.022947 seconds 
========================================================================
Received Import Request.
  Time since last request: 0.166351 seconds.
  path: Assets/Sprites/Explosion/Explosion_00097.png
  artifactKey: Guid(d2115e5c25b2d0a40bea018e1f7d9711) Importer(815301076,1909f56bfc062723c751e8b465ee728b)
Start importing Assets/Sprites/Explosion/Explosion_00097.png using Guid(d2115e5c25b2d0a40bea018e1f7d9711) Importer(815301076,1909f56bfc062723c751e8b465ee728b)  -> (artifact id: '73eea9127574c5499d8104b70e3361c5') in 0.024795 seconds 
========================================================================
Received Import Request.
  Time since last request: 0.000018 seconds.
  path: Assets/Sprites/Explosion/Explosion_00101.png
  artifactKey: Guid(30588027210503342b254604d6484c6b) Importer(815301076,1909f56bfc062723c751e8b465ee728b)
Start importing Assets/Sprites/Explosion/Explosion_00101.png using Guid(30588027210503342b254604d6484c6b) Importer(815301076,1909f56bfc062723c751e8b465ee728b)  -> (artifact id: '0c33c7627e4fab3d26bd4b98d89fdd1c') in 0.024781 seconds 
========================================================================
Received Import Request.
  Time since last request: 0.000016 seconds.
  path: Assets/Sprites/Explosion/Explosion_00099.png
  artifactKey: Guid(17a5101cec1ae204da7d25a795ceeb6a) Importer(815301076,1909f56bfc062723c751e8b465ee728b)
Start importing Assets/Sprites/Explosion/Explosion_00099.png using Guid(17a5101cec1ae204da7d25a795ceeb6a) Importer(815301076,1909f56bfc062723c751e8b465ee728b)  -> (artifact id: 'b26496cd59daee791b02ee23eacbc7e9') in 0.024568 seconds 
========================================================================
Received Import Request.
  Time since last request: 0.034555 seconds.
  path: Assets/Sprites/Explosion/Explosion_00091.png
  artifactKey: Guid(bc35c0850866ebd41be11978858865cf) Importer(815301076,1909f56bfc062723c751e8b465ee728b)
Start importing Assets/Sprites/Explosion/Explosion_00091.png using Guid(bc35c0850866ebd41be11978858865cf) Importer(815301076,1909f56bfc062723c751e8b465ee728b)  -> (artifact id: '6c191f603d2600662163b5c8c46ac059') in 0.026101 seconds 
========================================================================
Received Import Request.
  Time since last request: 0.000021 seconds.
  path: Assets/Sprites/Explosion/Explosion_00094.png
  artifactKey: Guid(7757c59ddcb5d4b47ba7fea439eac345) Importer(815301076,1909f56bfc062723c751e8b465ee728b)
Start importing Assets/Sprites/Explosion/Explosion_00094.png using Guid(7757c59ddcb5d4b47ba7fea439eac345) Importer(815301076,1909f56bfc062723c751e8b465ee728b)  -> (artifact id: 'e250543a86b516870bf00245751b7c25') in 0.025584 seconds 
========================================================================
Received Import Request.
  Time since last request: 0.000022 seconds.
  path: Assets/Sprites/Explosion/Explosion_00095.png
  artifactKey: Guid(4b69fd03d3b212244abe6430d2c7b53e) Importer(815301076,1909f56bfc062723c751e8b465ee728b)
Start importing Assets/Sprites/Explosion/Explosion_00095.png using Guid(4b69fd03d3b212244abe6430d2c7b53e) Importer(815301076,1909f56bfc062723c751e8b465ee728b)  -> (artifact id: '23dfb7062e2f27675120968e5a1a5c94') in 0.026312 seconds 
========================================================================
Received Import Request.
  Time since last request: 0.000023 seconds.
  path: Assets/Sprites/Explosion/Explosion_00089.png
  artifactKey: Guid(ac808106e2c0e6e4db75756ea4da699b) Importer(815301076,1909f56bfc062723c751e8b465ee728b)
Start importing Assets/Sprites/Explosion/Explosion_00089.png using Guid(ac808106e2c0e6e4db75756ea4da699b) Importer(815301076,1909f56bfc062723c751e8b465ee728b)  -> (artifact id: '1ef22889a53375e5d4e00a12953d0dee') in 0.026116 seconds 
========================================================================
Received Import Request.
  Time since last request: 0.000015 seconds.
  path: Assets/Sprites/Explosion/Explosion_00085.png
  artifactKey: Guid(628b9f2dc04ac8b499373b68bd93dfe2) Importer(815301076,1909f56bfc062723c751e8b465ee728b)
Start importing Assets/Sprites/Explosion/Explosion_00085.png using Guid(628b9f2dc04ac8b499373b68bd93dfe2) Importer(815301076,1909f56bfc062723c751e8b465ee728b)  -> (artifact id: '4347e69bdd8b65651153fca9d4463f49') in 0.028587 seconds 
========================================================================
Received Import Request.
  Time since last request: 0.000015 seconds.
  path: Assets/Sprites/Explosion/Explosion_00087.png
  artifactKey: Guid(beb2db99d83da3a4eba99e469056374e) Importer(815301076,1909f56bfc062723c751e8b465ee728b)
Start importing Assets/Sprites/Explosion/Explosion_00087.png using Guid(beb2db99d83da3a4eba99e469056374e) Importer(815301076,1909f56bfc062723c751e8b465ee728b)  -> (artifact id: '47c659e55f94e9fc3594362c178f0722') in 0.027341 seconds 
========================================================================
Received Import Request.
  Time since last request: 0.084684 seconds.
  path: Assets/Sprites/Explosion/Explosion_00079.png
  artifactKey: Guid(cacc4ba0ca2a24742b0264551341e5ba) Importer(815301076,1909f56bfc062723c751e8b465ee728b)
Start importing Assets/Sprites/Explosion/Explosion_00079.png using Guid(cacc4ba0ca2a24742b0264551341e5ba) Importer(815301076,1909f56bfc062723c751e8b465ee728b)  -> (artifact id: '95dbe3ef99139004455ea3ad50ae0c7e') in 0.028793 seconds 
========================================================================
Received Import Request.
  Time since last request: 0.000018 seconds.
  path: Assets/Sprites/Explosion/Explosion_00074.png
  artifactKey: Guid(d24c1f9048a55f2498520e53c558acf0) Importer(815301076,1909f56bfc062723c751e8b465ee728b)
Start importing Assets/Sprites/Explosion/Explosion_00074.png using Guid(d24c1f9048a55f2498520e53c558acf0) Importer(815301076,1909f56bfc062723c751e8b465ee728b)  -> (artifact id: '17c26ba9b65c50cb7258d1829b75d8ef') in 0.032865 seconds 
========================================================================
Received Import Request.
  Time since last request: 0.000021 seconds.
  path: Assets/Sprites/Explosion/Explosion_00075.png
  artifactKey: Guid(42b8b4ec7256ae24e9b1ab2a8b66a22e) Importer(815301076,1909f56bfc062723c751e8b465ee728b)
Start importing Assets/Sprites/Explosion/Explosion_00075.png using Guid(42b8b4ec7256ae24e9b1ab2a8b66a22e) Importer(815301076,1909f56bfc062723c751e8b465ee728b)  -> (artifact id: '68ef9a6f7ff3ba975348ecb815e47fea') in 0.030582 seconds 
========================================================================
Received Import Request.
  Time since last request: 0.000014 seconds.
  path: Assets/Sprites/Explosion/Explosion_00080.png
  artifactKey: Guid(220a0c58ce8906243ba74bfdb1e7ff74) Importer(815301076,1909f56bfc062723c751e8b465ee728b)
Start importing Assets/Sprites/Explosion/Explosion_00080.png using Guid(220a0c58ce8906243ba74bfdb1e7ff74) Importer(815301076,1909f56bfc062723c751e8b465ee728b)  -> (artifact id: '6dace3c9d77d272ff763015a9df1df6b') in 0.028899 seconds 
========================================================================
Received Import Request.
  Time since last request: 0.000017 seconds.
  path: Assets/Sprites/Explosion/Explosion_00083.png
  artifactKey: Guid(2e107b6aeb2a3fc46bc20a641ad76bc0) Importer(815301076,1909f56bfc062723c751e8b465ee728b)
Start importing Assets/Sprites/Explosion/Explosion_00083.png using Guid(2e107b6aeb2a3fc46bc20a641ad76bc0) Importer(815301076,1909f56bfc062723c751e8b465ee728b)  -> (artifact id: '8ae5a3406872174e837ce31e8aa7f339') in 0.028140 seconds 
========================================================================
Received Import Request.
  Time since last request: 0.000018 seconds.
  path: Assets/Sprites/Explosion/Explosion_00072.png
  artifactKey: Guid(2d8778c219c8b4f4383b7df4a049f1c0) Importer(815301076,1909f56bfc062723c751e8b465ee728b)
Start importing Assets/Sprites/Explosion/Explosion_00072.png using Guid(2d8778c219c8b4f4383b7df4a049f1c0) Importer(815301076,1909f56bfc062723c751e8b465ee728b)  -> (artifact id: '491e31744eb1ee64b0b3c738e9660fa8') in 0.030819 seconds 
========================================================================
Received Import Request.
  Time since last request: 0.132601 seconds.
  path: Assets/Sprites/Explosion/Explosion_00067.png
  artifactKey: Guid(cfc6dc62484b6334fa0040c320bfc54b) Importer(815301076,1909f56bfc062723c751e8b465ee728b)
Start importing Assets/Sprites/Explosion/Explosion_00067.png using Guid(cfc6dc62484b6334fa0040c320bfc54b) Importer(815301076,1909f56bfc062723c751e8b465ee728b)  -> (artifact id: '244429e29c982c6e429f70f28c5cc242') in 0.030478 seconds 
========================================================================
Received Import Request.
  Time since last request: 0.000013 seconds.
  path: Assets/Sprites/Explosion/Explosion_00064.png
  artifactKey: Guid(4dda1a83cef79fd459168bff9acd0abe) Importer(815301076,1909f56bfc062723c751e8b465ee728b)
Start importing Assets/Sprites/Explosion/Explosion_00064.png using Guid(4dda1a83cef79fd459168bff9acd0abe) Importer(815301076,1909f56bfc062723c751e8b465ee728b)  -> (artifact id: '3f5fab54cd1d2e52789d305b544f6002') in 0.030800 seconds 
========================================================================
Received Import Request.
  Time since last request: 0.000016 seconds.
  path: Assets/Sprites/Explosion/Explosion_00068.png
  artifactKey: Guid(38434acdc357c33489f020f62f18c4ec) Importer(815301076,1909f56bfc062723c751e8b465ee728b)
Start importing Assets/Sprites/Explosion/Explosion_00068.png using Guid(38434acdc357c33489f020f62f18c4ec) Importer(815301076,1909f56bfc062723c751e8b465ee728b)  -> (artifact id: '87320772cc9ee556f34b851a1cf21776') in 0.034479 seconds 
========================================================================
Received Import Request.
  Time since last request: 0.000014 seconds.
  path: Assets/Sprites/Explosion/Explosion_00069.png
  artifactKey: Guid(ce40896d9e2d9654d857147908f43ac3) Importer(815301076,1909f56bfc062723c751e8b465ee728b)
Start importing Assets/Sprites/Explosion/Explosion_00069.png using Guid(ce40896d9e2d9654d857147908f43ac3) Importer(815301076,1909f56bfc062723c751e8b465ee728b)  -> (artifact id: 'a86b1b4e29963d62dc260cfae1c5e4cc') in 0.030387 seconds 
========================================================================
Received Import Request.
  Time since last request: 0.000020 seconds.
  path: Assets/Sprites/Explosion/Explosion_00059.png
  artifactKey: Guid(df5f25fe6cd75994abeb8e74635a21a9) Importer(815301076,1909f56bfc062723c751e8b465ee728b)
Start importing Assets/Sprites/Explosion/Explosion_00059.png using Guid(df5f25fe6cd75994abeb8e74635a21a9) Importer(815301076,1909f56bfc062723c751e8b465ee728b)  -> (artifact id: '85d6bacf845f99a9482bae047d9491ed') in 0.032369 seconds 
========================================================================
Received Import Request.
  Time since last request: 0.000022 seconds.
  path: Assets/Sprites/Explosion/Explosion_00054.png
  artifactKey: Guid(b8d3197090c09c74e9f5b34483770ea6) Importer(815301076,1909f56bfc062723c751e8b465ee728b)
Start importing Assets/Sprites/Explosion/Explosion_00054.png using Guid(b8d3197090c09c74e9f5b34483770ea6) Importer(815301076,1909f56bfc062723c751e8b465ee728b)  -> (artifact id: '8e4d8ecbe12d7dd5b4e17522d50e4a89') in 0.031381 seconds 
========================================================================
Received Import Request.
  Time since last request: 0.000014 seconds.
  path: Assets/Sprites/Explosion/Explosion_00063.png
  artifactKey: Guid(c4b53e887147d7d48b972390a3c16f14) Importer(815301076,1909f56bfc062723c751e8b465ee728b)
Start importing Assets/Sprites/Explosion/Explosion_00063.png using Guid(c4b53e887147d7d48b972390a3c16f14) Importer(815301076,1909f56bfc062723c751e8b465ee728b)  -> (artifact id: 'e7116fddb1f775ed4b0c9678752bc993') in 0.030829 seconds 
========================================================================
Received Import Request.
  Time since last request: 0.000015 seconds.
  path: Assets/Sprites/Explosion/Explosion_00057.png
  artifactKey: Guid(d55723676761acf4885185f827ab4625) Importer(815301076,1909f56bfc062723c751e8b465ee728b)
Start importing Assets/Sprites/Explosion/Explosion_00057.png using Guid(d55723676761acf4885185f827ab4625) Importer(815301076,1909f56bfc062723c751e8b465ee728b)  -> (artifact id: '3a673dba825fd04b02557c2988fec6bc') in 0.036226 seconds 
========================================================================
Received Import Request.
  Time since last request: 0.000025 seconds.
  path: Assets/Sprites/Explosion/Explosion_00070.png
  artifactKey: Guid(531b473f41ecd6e4bb49f948ea30af67) Importer(815301076,1909f56bfc062723c751e8b465ee728b)
Start importing Assets/Sprites/Explosion/Explosion_00070.png using Guid(531b473f41ecd6e4bb49f948ea30af67) Importer(815301076,1909f56bfc062723c751e8b465ee728b)  -> (artifact id: 'd334893d8bfcbe39f06198fc8a84d823') in 0.031255 seconds 
========================================================================
Received Import Request.
  Time since last request: 0.084119 seconds.
  path: Assets/Sprites/Explosion/Explosion_00049.png
  artifactKey: Guid(f7cb4be3d2cb34e4d971022892ce0379) Importer(815301076,1909f56bfc062723c751e8b465ee728b)
Start importing Assets/Sprites/Explosion/Explosion_00049.png using Guid(f7cb4be3d2cb34e4d971022892ce0379) Importer(815301076,1909f56bfc062723c751e8b465ee728b)  -> (artifact id: '092ca70da31af89a4532d1b4774e7533') in 0.032502 seconds 
========================================================================
Received Import Request.
  Time since last request: 0.000015 seconds.
  path: Assets/Sprites/Explosion/Explosion_00042.png
  artifactKey: Guid(87c49328aa972b34ea0c739ece8df14d) Importer(815301076,1909f56bfc062723c751e8b465ee728b)
Start importing Assets/Sprites/Explosion/Explosion_00042.png using Guid(87c49328aa972b34ea0c739ece8df14d) Importer(815301076,1909f56bfc062723c751e8b465ee728b)  -> (artifact id: '4247809a1ce4937f48ca560993907f6a') in 0.032469 seconds 
========================================================================
Received Import Request.
  Time since last request: 0.000018 seconds.
  path: Assets/Sprites/Explosion/Explosion_00052.png
  artifactKey: Guid(8c41744a2d26ceb43b8443c99c37eaa3) Importer(815301076,1909f56bfc062723c751e8b465ee728b)
Start importing Assets/Sprites/Explosion/Explosion_00052.png using Guid(8c41744a2d26ceb43b8443c99c37eaa3) Importer(815301076,1909f56bfc062723c751e8b465ee728b)  -> (artifact id: '705ef6fcf5008b5b964a169c2fdab1ea') in 0.036076 seconds 
========================================================================
Received Import Request.
  Time since last request: 0.000019 seconds.
  path: Assets/Sprites/Explosion/Explosion_00039.png
  artifactKey: Guid(6d1048f196b188447a47bab8c96a3b64) Importer(815301076,1909f56bfc062723c751e8b465ee728b)
Start importing Assets/Sprites/Explosion/Explosion_00039.png using Guid(6d1048f196b188447a47bab8c96a3b64) Importer(815301076,1909f56bfc062723c751e8b465ee728b)  -> (artifact id: 'f92359ac6b3b5baf9a7bfd59e76f1518') in 0.036294 seconds 
========================================================================
Received Import Request.
  Time since last request: 0.000015 seconds.
  path: Assets/Sprites/Explosion/Explosion_00037.png
  artifactKey: Guid(301aafdb80303d24ab09f719061c9e74) Importer(815301076,1909f56bfc062723c751e8b465ee728b)
Start importing Assets/Sprites/Explosion/Explosion_00037.png using Guid(301aafdb80303d24ab09f719061c9e74) Importer(815301076,1909f56bfc062723c751e8b465ee728b)  -> (artifact id: '575c3fd895ff0a2ca96604121ec74820') in 0.034519 seconds 
========================================================================
Received Import Request.
  Time since last request: 0.000018 seconds.
  path: Assets/Sprites/Explosion/Explosion_00051.png
  artifactKey: Guid(fc41c614f4ad18a4187845353fa79fa9) Importer(815301076,1909f56bfc062723c751e8b465ee728b)
Start importing Assets/Sprites/Explosion/Explosion_00051.png using Guid(fc41c614f4ad18a4187845353fa79fa9) Importer(815301076,1909f56bfc062723c751e8b465ee728b)  -> (artifact id: '26f9638ec4ece3a8a64a8de569d94f73') in 0.032185 seconds 
========================================================================
Received Import Request.
  Time since last request: 0.000030 seconds.
  path: Assets/Sprites/Explosion/Explosion_00046.png
  artifactKey: Guid(8dbac9c3f8bf244469e69130fd0865ef) Importer(815301076,1909f56bfc062723c751e8b465ee728b)
Start importing Assets/Sprites/Explosion/Explosion_00046.png using Guid(8dbac9c3f8bf244469e69130fd0865ef) Importer(815301076,1909f56bfc062723c751e8b465ee728b)  -> (artifact id: 'd6a2afb8e286e98b4a79f50afed05181') in 0.032173 seconds 
========================================================================
Received Import Request.
  Time since last request: 0.000014 seconds.
  path: Assets/Sprites/Explosion/Explosion_00036.png
  artifactKey: Guid(041c93490bf34a745b71b40ae5f84ae9) Importer(815301076,1909f56bfc062723c751e8b465ee728b)
Start importing Assets/Sprites/Explosion/Explosion_00036.png using Guid(041c93490bf34a745b71b40ae5f84ae9) Importer(815301076,1909f56bfc062723c751e8b465ee728b)  -> (artifact id: 'ea69c5adf79f941a2caace12698acd27') in 0.032954 seconds 
========================================================================
Received Import Request.
  Time since last request: 0.000017 seconds.
  path: Assets/Sprites/Explosion/Explosion_00038.png
  artifactKey: Guid(94e9009df8c407d46a836894880ec5a4) Importer(815301076,1909f56bfc062723c751e8b465ee728b)
Start importing Assets/Sprites/Explosion/Explosion_00038.png using Guid(94e9009df8c407d46a836894880ec5a4) Importer(815301076,1909f56bfc062723c751e8b465ee728b)  -> (artifact id: '612c152d14657831e4849ad69847c9fd') in 0.031877 seconds 
========================================================================
Received Import Request.
  Time since last request: 0.076377 seconds.
  path: Assets/Sprites/Explosion/Explosion_00032.png
  artifactKey: Guid(71a2718ec085630488f29bb412342b8c) Importer(815301076,1909f56bfc062723c751e8b465ee728b)
Start importing Assets/Sprites/Explosion/Explosion_00032.png using Guid(71a2718ec085630488f29bb412342b8c) Importer(815301076,1909f56bfc062723c751e8b465ee728b)  -> (artifact id: 'd1e83be86d0d62a3e7920c10c40d24bd') in 0.029744 seconds 
========================================================================
Received Import Request.
  Time since last request: 0.000017 seconds.
  path: Assets/Sprites/Explosion/Explosion_00034.png
  artifactKey: Guid(f26f02a71c104eb4fa4d04f80fe40f24) Importer(815301076,1909f56bfc062723c751e8b465ee728b)
Start importing Assets/Sprites/Explosion/Explosion_00034.png using Guid(f26f02a71c104eb4fa4d04f80fe40f24) Importer(815301076,1909f56bfc062723c751e8b465ee728b)  -> (artifact id: '0a483d8b29483c3811aca73afb9b37a0') in 0.033476 seconds 
========================================================================
Received Import Request.
  Time since last request: 1.236991 seconds.
  path: Assets/Sprites/Explosion/Explosion_00027.png
  artifactKey: Guid(8d6ff1df0cad889458c5e6531ab11096) Importer(815301076,1909f56bfc062723c751e8b465ee728b)
Start importing Assets/Sprites/Explosion/Explosion_00027.png using Guid(8d6ff1df0cad889458c5e6531ab11096) Importer(815301076,1909f56bfc062723c751e8b465ee728b)  -> (artifact id: '122497e467dc6337ee6057368a1f29f5') in 0.029599 seconds 
========================================================================
Received Import Request.
  Time since last request: 0.000031 seconds.
  path: Assets/Sprites/Explosion/Explosion_00017.png
  artifactKey: Guid(91211eb1846b66340971d4135f41084a) Importer(815301076,1909f56bfc062723c751e8b465ee728b)
Start importing Assets/Sprites/Explosion/Explosion_00017.png using Guid(91211eb1846b66340971d4135f41084a) Importer(815301076,1909f56bfc062723c751e8b465ee728b)  -> (artifact id: '772cdbfe154ec60c8ea419060b8c7448') in 0.025783 seconds 
========================================================================
Received Import Request.
  Time since last request: 0.000015 seconds.
  path: Assets/Sprites/Explosion/Explosion_00016.png
  artifactKey: Guid(18704a6ead5a1d6428872e158af2baa3) Importer(815301076,1909f56bfc062723c751e8b465ee728b)
Start importing Assets/Sprites/Explosion/Explosion_00016.png using Guid(18704a6ead5a1d6428872e158af2baa3) Importer(815301076,1909f56bfc062723c751e8b465ee728b)  -> (artifact id: '65726dc46000070ad2d942b60d973ae6') in 0.024857 seconds 
========================================================================
Received Import Request.
  Time since last request: 0.000018 seconds.
  path: Assets/Sprites/Explosion/Explosion_00010.png
  artifactKey: Guid(8720f3fe56f422c48a846c9cae22970e) Importer(815301076,1909f56bfc062723c751e8b465ee728b)
Start importing Assets/Sprites/Explosion/Explosion_00010.png using Guid(8720f3fe56f422c48a846c9cae22970e) Importer(815301076,1909f56bfc062723c751e8b465ee728b)  -> (artifact id: '259b573abf348ce78e833b4e6c9a33c0') in 0.020584 seconds 
========================================================================
Received Import Request.
  Time since last request: 0.000021 seconds.
  path: Assets/Sprites/Explosion/Explosion_00021.png
  artifactKey: Guid(343c476f45a460b45815758d1e11273c) Importer(815301076,1909f56bfc062723c751e8b465ee728b)
Start importing Assets/Sprites/Explosion/Explosion_00021.png using Guid(343c476f45a460b45815758d1e11273c) Importer(815301076,1909f56bfc062723c751e8b465ee728b)  -> (artifact id: '861d6c11c4a568195f9d011d59a50c5f') in 0.027641 seconds 
========================================================================
Received Import Request.
  Time since last request: 0.000014 seconds.
  path: Assets/Sprites/Explosion/Explosion_00003.png
  artifactKey: Guid(a04e60756833bd04484d1025ebfe2bf2) Importer(815301076,1909f56bfc062723c751e8b465ee728b)
Start importing Assets/Sprites/Explosion/Explosion_00003.png using Guid(a04e60756833bd04484d1025ebfe2bf2) Importer(815301076,1909f56bfc062723c751e8b465ee728b)  -> (artifact id: 'a17a62a82edddc8632428060fe3b04af') in 0.013927 seconds 
========================================================================
Received Import Request.
  Time since last request: 0.000017 seconds.
  path: Assets/Sprites/Explosion/Explosion_00002.png
  artifactKey: Guid(5e8321a44a954664eaf8b445178e0f06) Importer(815301076,1909f56bfc062723c751e8b465ee728b)
Start importing Assets/Sprites/Explosion/Explosion_00002.png using Guid(5e8321a44a954664eaf8b445178e0f06) Importer(815301076,1909f56bfc062723c751e8b465ee728b)  -> (artifact id: '62f5b0081bd25defec29d496e210950f') in 0.020739 seconds 
========================================================================
Received Import Request.
  Time since last request: 0.000022 seconds.
  path: Assets/Sprites/Explosion/Explosion_00028.png
  artifactKey: Guid(e96e2ea8165cf4d4fb2a48199429400b) Importer(815301076,1909f56bfc062723c751e8b465ee728b)
Start importing Assets/Sprites/Explosion/Explosion_00028.png using Guid(e96e2ea8165cf4d4fb2a48199429400b) Importer(815301076,1909f56bfc062723c751e8b465ee728b)  -> (artifact id: 'e7f44f9973b675d3aed22854d7cf7cc8') in 0.027895 seconds 
========================================================================
Received Import Request.
  Time since last request: 18.172627 seconds.
  path: Assets/Sprites/Explosion/Explosion_00153.png
  artifactKey: Guid(4653be2a1074df443a45c0f942f53014) Importer(815301076,1909f56bfc062723c751e8b465ee728b)
Start importing Assets/Sprites/Explosion/Explosion_00153.png using Guid(4653be2a1074df443a45c0f942f53014) Importer(815301076,1909f56bfc062723c751e8b465ee728b)  -> (artifact id: '01f740d72375212fd66bedc91859c3ae') in 0.019698 seconds 
========================================================================
Received Import Request.
  Time since last request: 0.000024 seconds.
  path: Assets/Sprites/Explosion/Explosion_00155.png
  artifactKey: Guid(588a23e9a50b93b4492252889d9beac3) Importer(815301076,1909f56bfc062723c751e8b465ee728b)
Start importing Assets/Sprites/Explosion/Explosion_00155.png using Guid(588a23e9a50b93b4492252889d9beac3) Importer(815301076,1909f56bfc062723c751e8b465ee728b)  -> (artifact id: '2de71a334d4b803d5826b43358216698') in 0.019190 seconds 
========================================================================
Received Prepare
Registering precompiled user dll's ...
Registered in 0.005863 seconds.
Begin MonoManager ReloadAssembly
Native extension for WindowsStandalone target not found
Native extension for WebGL target not found
Refreshing native plugins compatible for Editor in 0.89 ms, found 3 plugins.
Preloading 0 native plugins for Editor in 0.00 ms.
Mono: successfully reloaded assembly
- Completed reload, in  0.941 seconds
Domain Reload Profiling:
	ReloadAssembly (942ms)
		BeginReloadAssembly (135ms)
			ExecutionOrderSort (0ms)
			DisableScriptedObjects (4ms)
			BackupInstance (0ms)
			ReleaseScriptingObjects (0ms)
			CreateAndSetChildDomain (30ms)
		EndReloadAssembly (722ms)
			LoadAssemblies (92ms)
			RebuildTransferFunctionScriptingTraits (0ms)
			SetupTypeCache (243ms)
			ReleaseScriptCaches (1ms)
			RebuildScriptCaches (56ms)
			SetupLoadedEditorAssemblies (300ms)
				LogAssemblyErrors (0ms)
				InitializePlatformSupportModulesInManaged (8ms)
				SetLoadedEditorAssemblies (1ms)
				RefreshPlugins (1ms)
				BeforeProcessingInitializeOnLoad (68ms)
				ProcessInitializeOnLoadAttributes (193ms)
				ProcessInitializeOnLoadMethodAttributes (18ms)
				AfterProcessingInitializeOnLoad (11ms)
				EditorAssembliesLoaded (0ms)
			ExecutionOrderSort2 (0ms)
			AwakeInstancesAfterBackupRestoration (5ms)
Platform modules already initialized, skipping
Refreshing native plugins compatible for Editor in 1.66 ms, found 3 plugins.
Preloading 0 native plugins for Editor in 0.00 ms.
Unloading 3048 Unused Serialized files (Serialized files now loaded: 0)
Unloading 17 unused Assets / (80.2 KB). Loaded Objects now: 3523.
Memory consumption went from 112.0 MB to 111.9 MB.
Total: 2.940400 ms (FindLiveObjects: 0.262900 ms CreateObjectMapping: 0.205600 ms MarkObjects: 2.385900 ms  DeleteObjects: 0.084900 ms)

AssetImportParameters requested are different than current active one (requested -> active):
  custom:video-decoder-ogg-theora: a1e56fd34408186e4bbccfd4996cb3dc -> 
  custom:container-muxer-webm: aa71ff27fc2769a1b78a27578f13a17b -> 
  custom:container-demuxer-webm: 4f35f7cbe854078d1ac9338744f61a02 -> 
  custom:video-encoder-webm-vp8: eb34c28f22e8b96e1ab97ce403110664 -> 
  custom:audio-encoder-webm-vorbis: bf7c407c2cedff20999df2af8eb42d56 -> 
  custom:framework-win-MediaFoundation: 216162199b28c13a410421893ffa2e32 -> 
  custom:container-demuxer-ogg: 62fdf1f143b41e24485cea50d1cbac27 -> 
  custom:video-decoder-webm-vp8: 9c59270c3fd7afecdb556c50c9e8de78 -> 
  custom:audio-decoder-ogg-vorbis: bf7c407c2cedff20999df2af8eb42d56 -> 
Editor requested this worker to shutdown with reason: Scaling down because of idle timeout
AssetImportWorker is now disconnected from the server
Process exiting
Exiting without the bug reporter. Application will terminate with return code 0